<?xml version="1.0" encoding="UTF-8"?>
<coverage generated="1681711520160" clover="3.2.0">
  <project timestamp="1681711520161" name="All files">
    <metrics statements="17" coveredstatements="16" conditionals="2" coveredconditionals="2" methods="9" coveredmethods="8" elements="28" coveredelements="26" complexity="0" loc="17" ncloc="17" packages="1" files="4" classes="4"/>
    <file name="ARedondo.ts" path="C:\Users\miase\Downloads\Adaptor\class\ARedondo.ts">
      <metrics statements="6" coveredstatements="5" conditionals="2" coveredconditionals="2" methods="3" coveredmethods="2"/>
      <line num="3" count="1" type="stmt"/>
      <line num="6" count="4" type="stmt"/>
      <line num="9" count="0" type="stmt"/>
      <line num="12" count="4" type="cond" truecount="2" falsecount="0"/>
      <line num="13" count="2" type="stmt"/>
      <line num="15" count="2" type="stmt"/>
    </file>
    <file name="TCuadrada.ts" path="C:\Users\miase\Downloads\Adaptor\class\TCuadrada.ts">
      <metrics statements="3" coveredstatements="3" conditionals="0" coveredconditionals="0" methods="2" coveredmethods="2"/>
      <line num="1" count="1" type="stmt"/>
      <line num="5" count="2" type="stmt"/>
      <line num="8" count="2" type="stmt"/>
    </file>
    <file name="TCuadradoAdapter.ts" path="C:\Users\miase\Downloads\Adaptor\class\TCuadradoAdapter.ts">
      <metrics statements="5" coveredstatements="5" conditionals="0" coveredconditionals="0" methods="2" coveredmethods="2"/>
      <line num="2" count="1" type="stmt"/>
      <line num="4" count="1" type="stmt"/>
      <line num="7" count="2" type="stmt"/>
      <line num="8" count="2" type="stmt"/>
      <line num="11" count="2" type="stmt"/>
    </file>
    <file name="TRedonda.ts" path="C:\Users\miase\Downloads\Adaptor\class\TRedonda.ts">
      <metrics statements="3" coveredstatements="3" conditionals="0" coveredconditionals="0" methods="2" coveredmethods="2"/>
      <line num="1" count="1" type="stmt"/>
      <line num="4" count="4" type="stmt"/>
      <line num="7" count="2" type="stmt"/>
    </file>
  </project>
</coverage>
